This file contains any messages produced by compilers while
running configure, to aid debugging if configure makes a mistake.

It was created by libhangul configure 0.1.0, which was
generated by GNU Autoconf 2.69.  Invocation command line was

  $ ./configure 

## --------- ##
## Platform. ##
## --------- ##

hostname = maanu-System
uname -m = x86_64
uname -r = 4.15.0-39-generic
uname -s = Linux
uname -v = #42~16.04.1-Ubuntu SMP Wed Oct 24 17:09:54 UTC 2018

/usr/bin/uname -p = unknown
/bin/uname -X     = unknown

/bin/arch              = unknown
/usr/bin/arch -k       = unknown
/usr/convex/getsysinfo = unknown
/usr/bin/hostinfo      = unknown
/bin/machine           = unknown
/usr/bin/oslevel       = unknown
/bin/universe          = unknown

PATH: /home/maanu/bin
PATH: /home/maanu/.local/bin
PATH: /usr/local/sbin
PATH: /usr/local/bin
PATH: /usr/sbin
PATH: /usr/bin
PATH: /sbin
PATH: /bin
PATH: /usr/games
PATH: /usr/local/games
PATH: /snap/bin


## ----------- ##
## Core tests. ##
## ----------- ##

configure:2380: checking for a BSD-compatible install
configure:2448: result: /usr/bin/install -c
configure:2459: checking whether build environment is sane
configure:2514: result: yes
configure:2665: checking for a thread-safe mkdir -p
configure:2704: result: /bin/mkdir -p
configure:2711: checking for gawk
configure:2727: found /usr/bin/gawk
configure:2738: result: gawk
configure:2749: checking whether make sets $(MAKE)
configure:2771: result: yes
configure:2800: checking whether make supports nested variables
configure:2817: result: yes
configure:3005: checking for gcc
configure:3021: found /usr/bin/gcc
configure:3032: result: gcc
configure:3261: checking for C compiler version
configure:3270: gcc --version >&5
gcc (Ubuntu 5.4.0-6ubuntu1~16.04.10) 5.4.0 20160609
Copyright (C) 2015 Free Software Foundation, Inc.
This is free software; see the source for copying conditions.  There is NO
warranty; not even for MERCHANTABILITY or FITNESS FOR A PARTICULAR PURPOSE.

configure:3281: $? = 0
configure:3270: gcc -v >&5
Using built-in specs.
COLLECT_GCC=gcc
COLLECT_LTO_WRAPPER=/usr/lib/gcc/x86_64-linux-gnu/5/lto-wrapper
Target: x86_64-linux-gnu
Configured with: ../src/configure -v --with-pkgversion='Ubuntu 5.4.0-6ubuntu1~16.04.10' --with-bugurl=file:///usr/share/doc/gcc-5/README.Bugs --enable-languages=c,ada,c++,java,go,d,fortran,objc,obj-c++ --prefix=/usr --program-suffix=-5 --enable-shared --enable-linker-build-id --libexecdir=/usr/lib --without-included-gettext --enable-threads=posix --libdir=/usr/lib --enable-nls --with-sysroot=/ --enable-clocale=gnu --enable-libstdcxx-debug --enable-libstdcxx-time=yes --with-default-libstdcxx-abi=new --enable-gnu-unique-object --disable-vtable-verify --enable-libmpx --enable-plugin --with-system-zlib --disable-browser-plugin --enable-java-awt=gtk --enable-gtk-cairo --with-java-home=/usr/lib/jvm/java-1.5.0-gcj-5-amd64/jre --enable-java-home --with-jvm-root-dir=/usr/lib/jvm/java-1.5.0-gcj-5-amd64 --with-jvm-jar-dir=/usr/lib/jvm-exports/java-1.5.0-gcj-5-amd64 --with-arch-directory=amd64 --with-ecj-jar=/usr/share/java/eclipse-ecj.jar --enable-objc-gc --enable-multiarch --disable-werror --with-arch-32=i686 --with-abi=m64 --with-multilib-list=m32,m64,mx32 --enable-multilib --with-tune=generic --enable-checking=release --build=x86_64-linux-gnu --host=x86_64-linux-gnu --target=x86_64-linux-gnu
Thread model: posix
gcc version 5.4.0 20160609 (Ubuntu 5.4.0-6ubuntu1~16.04.10) 
configure:3281: $? = 0
configure:3270: gcc -V >&5
gcc: error: unrecognized command line option '-V'
gcc: fatal error: no input files
compilation terminated.
configure:3281: $? = 1
configure:3270: gcc -qversion >&5
gcc: error: unrecognized command line option '-qversion'
gcc: fatal error: no input files
compilation terminated.
configure:3281: $? = 1
configure:3301: checking whether the C compiler works
configure:3323: gcc    conftest.c  >&5
configure:3327: $? = 0
configure:3375: result: yes
configure:3378: checking for C compiler default output file name
configure:3380: result: a.out
configure:3386: checking for suffix of executables
configure:3393: gcc -o conftest    conftest.c  >&5
configure:3397: $? = 0
configure:3419: result: 
configure:3441: checking whether we are cross compiling
configure:3449: gcc -o conftest    conftest.c  >&5
configure:3453: $? = 0
configure:3460: ./conftest
configure:3464: $? = 0
configure:3479: result: no
configure:3484: checking for suffix of object files
configure:3506: gcc -c   conftest.c >&5
configure:3510: $? = 0
configure:3531: result: o
configure:3535: checking whether we are using the GNU C compiler
configure:3554: gcc -c   conftest.c >&5
configure:3554: $? = 0
configure:3563: result: yes
configure:3572: checking whether gcc accepts -g
configure:3592: gcc -c -g  conftest.c >&5
configure:3592: $? = 0
configure:3633: result: yes
configure:3650: checking for gcc option to accept ISO C89
configure:3713: gcc  -c -g -O2  conftest.c >&5
configure:3713: $? = 0
configure:3726: result: none needed
configure:3751: checking whether gcc understands -c and -o together
configure:3773: gcc -c conftest.c -o conftest2.o
configure:3776: $? = 0
configure:3773: gcc -c conftest.c -o conftest2.o
configure:3776: $? = 0
configure:3788: result: yes
configure:3816: checking for style of include used by make
configure:3844: result: GNU
configure:3870: checking dependency style of gcc
configure:3981: result: gcc3
configure:4026: checking build system type
configure:4040: result: x86_64-pc-linux-gnu
configure:4060: checking host system type
configure:4073: result: x86_64-pc-linux-gnu
configure:4114: checking how to print strings
configure:4141: result: printf
configure:4162: checking for a sed that does not truncate output
configure:4226: result: /bin/sed
configure:4244: checking for grep that handles long lines and -e
configure:4302: result: /bin/grep
configure:4307: checking for egrep
configure:4369: result: /bin/grep -E
configure:4374: checking for fgrep
configure:4436: result: /bin/grep -F
configure:4471: checking for ld used by gcc
configure:4538: result: /usr/bin/ld
configure:4545: checking if the linker (/usr/bin/ld) is GNU ld
configure:4560: result: yes
configure:4572: checking for BSD- or MS-compatible name lister (nm)
configure:4626: result: /usr/bin/nm -B
configure:4756: checking the name lister (/usr/bin/nm -B) interface
configure:4763: gcc -c -g -O2  conftest.c >&5
configure:4766: /usr/bin/nm -B "conftest.o"
configure:4769: output
0000000000000000 B some_variable
configure:4776: result: BSD nm
configure:4779: checking whether ln -s works
configure:4783: result: yes
configure:4791: checking the maximum length of command line arguments
configure:4922: result: 1572864
configure:4970: checking how to convert x86_64-pc-linux-gnu file names to x86_64-pc-linux-gnu format
configure:5010: result: func_convert_file_noop
configure:5017: checking how to convert x86_64-pc-linux-gnu file names to toolchain format
configure:5037: result: func_convert_file_noop
configure:5044: checking for /usr/bin/ld option to reload object files
configure:5051: result: -r
configure:5125: checking for objdump
configure:5141: found /usr/bin/objdump
configure:5152: result: objdump
configure:5184: checking how to recognize dependent libraries
configure:5384: result: pass_all
configure:5469: checking for dlltool
configure:5499: result: no
configure:5529: checking how to associate runtime and link libraries
configure:5556: result: printf %s\n
configure:5617: checking for ar
configure:5633: found /usr/bin/ar
configure:5644: result: ar
configure:5681: checking for archiver @FILE support
configure:5698: gcc -c -g -O2  conftest.c >&5
configure:5698: $? = 0
configure:5701: ar cru libconftest.a @conftest.lst >&5
ar: `u' modifier ignored since `D' is the default (see `U')
configure:5704: $? = 0
configure:5709: ar cru libconftest.a @conftest.lst >&5
ar: `u' modifier ignored since `D' is the default (see `U')
ar: conftest.o: No such file or directory
configure:5712: $? = 1
configure:5724: result: @
configure:5782: checking for strip
configure:5798: found /usr/bin/strip
configure:5809: result: strip
configure:5881: checking for ranlib
configure:5897: found /usr/bin/ranlib
configure:5908: result: ranlib
configure:6010: checking command to parse /usr/bin/nm -B output from gcc object
configure:6163: gcc -c -g -O2  conftest.c >&5
configure:6166: $? = 0
configure:6170: /usr/bin/nm -B conftest.o \| sed -n -e 's/^.*[ ]\([ABCDGIRSTW][ABCDGIRSTW]*\)[ ][ ]*\([_A-Za-z][_A-Za-z0-9]*\)$/\1 \2 \2/p' | sed '/ __gnu_lto/d' \> conftest.nm
configure:6173: $? = 0
configure:6239: gcc -o conftest -g -O2   conftest.c conftstm.o >&5
configure:6242: $? = 0
configure:6280: result: ok
configure:6327: checking for sysroot
configure:6357: result: no
configure:6364: checking for a working dd
configure:6402: result: /bin/dd
configure:6406: checking how to truncate binary pipes
configure:6421: result: /bin/dd bs=4096 count=1
configure:6557: gcc -c -g -O2  conftest.c >&5
configure:6560: $? = 0
configure:6750: checking for mt
configure:6766: found /bin/mt
configure:6777: result: mt
configure:6800: checking if mt is a manifest tool
configure:6806: mt '-?'
configure:6814: result: no
configure:7491: checking how to run the C preprocessor
configure:7522: gcc -E  conftest.c
configure:7522: $? = 0
configure:7536: gcc -E  conftest.c
conftest.c:11:28: fatal error: ac_nonexistent.h: No such file or directory
compilation terminated.
configure:7536: $? = 1
configure: failed program was:
| /* confdefs.h */
| #define PACKAGE_NAME "libhangul"
| #define PACKAGE_TARNAME "libhangul"
| #define PACKAGE_VERSION "0.1.0"
| #define PACKAGE_STRING "libhangul 0.1.0"
| #define PACKAGE_BUGREPORT "http://kldp.net/projects/hangul/"
| #define PACKAGE_URL ""
| #define PACKAGE "libhangul"
| #define VERSION "0.1.0"
| /* end confdefs.h.  */
| #include <ac_nonexistent.h>
configure:7561: result: gcc -E
configure:7581: gcc -E  conftest.c
configure:7581: $? = 0
configure:7595: gcc -E  conftest.c
conftest.c:11:28: fatal error: ac_nonexistent.h: No such file or directory
compilation terminated.
configure:7595: $? = 1
configure: failed program was:
| /* confdefs.h */
| #define PACKAGE_NAME "libhangul"
| #define PACKAGE_TARNAME "libhangul"
| #define PACKAGE_VERSION "0.1.0"
| #define PACKAGE_STRING "libhangul 0.1.0"
| #define PACKAGE_BUGREPORT "http://kldp.net/projects/hangul/"
| #define PACKAGE_URL ""
| #define PACKAGE "libhangul"
| #define VERSION "0.1.0"
| /* end confdefs.h.  */
| #include <ac_nonexistent.h>
configure:7624: checking for ANSI C header files
configure:7644: gcc -c -g -O2  conftest.c >&5
configure:7644: $? = 0
configure:7717: gcc -o conftest -g -O2   conftest.c  >&5
configure:7717: $? = 0
configure:7717: ./conftest
configure:7717: $? = 0
configure:7728: result: yes
configure:7741: checking for sys/types.h
configure:7741: gcc -c -g -O2  conftest.c >&5
configure:7741: $? = 0
configure:7741: result: yes
configure:7741: checking for sys/stat.h
configure:7741: gcc -c -g -O2  conftest.c >&5
configure:7741: $? = 0
configure:7741: result: yes
configure:7741: checking for stdlib.h
configure:7741: gcc -c -g -O2  conftest.c >&5
configure:7741: $? = 0
configure:7741: result: yes
configure:7741: checking for string.h
configure:7741: gcc -c -g -O2  conftest.c >&5
configure:7741: $? = 0
configure:7741: result: yes
configure:7741: checking for memory.h
configure:7741: gcc -c -g -O2  conftest.c >&5
configure:7741: $? = 0
configure:7741: result: yes
configure:7741: checking for strings.h
configure:7741: gcc -c -g -O2  conftest.c >&5
configure:7741: $? = 0
configure:7741: result: yes
configure:7741: checking for inttypes.h
configure:7741: gcc -c -g -O2  conftest.c >&5
configure:7741: $? = 0
configure:7741: result: yes
configure:7741: checking for stdint.h
configure:7741: gcc -c -g -O2  conftest.c >&5
configure:7741: $? = 0
configure:7741: result: yes
configure:7741: checking for unistd.h
configure:7741: gcc -c -g -O2  conftest.c >&5
configure:7741: $? = 0
configure:7741: result: yes
configure:7755: checking for dlfcn.h
configure:7755: gcc -c -g -O2  conftest.c >&5
configure:7755: $? = 0
configure:7755: result: yes
configure:8011: checking for objdir
configure:8026: result: .libs
configure:8286: checking if gcc supports -fno-rtti -fno-exceptions
configure:8304: gcc -c -g -O2  -fno-rtti -fno-exceptions conftest.c >&5
cc1: warning: command line option '-fno-rtti' is valid for C++/ObjC++ but not for C
configure:8308: $? = 0
configure:8321: result: no
configure:8679: checking for gcc option to produce PIC
configure:8686: result: -fPIC -DPIC
configure:8694: checking if gcc PIC flag -fPIC -DPIC works
configure:8712: gcc -c -g -O2  -fPIC -DPIC -DPIC conftest.c >&5
configure:8716: $? = 0
configure:8729: result: yes
configure:8758: checking if gcc static flag -static works
configure:8786: result: yes
configure:8801: checking if gcc supports -c -o file.o
configure:8822: gcc -c -g -O2  -o out/conftest2.o conftest.c >&5
configure:8826: $? = 0
configure:8848: result: yes
configure:8856: checking if gcc supports -c -o file.o
configure:8903: result: yes
configure:8936: checking whether the gcc linker (/usr/bin/ld -m elf_x86_64) supports shared libraries
configure:10199: result: yes
configure:10236: checking whether -lc should be explicitly linked in
configure:10244: gcc -c -g -O2  conftest.c >&5
configure:10247: $? = 0
configure:10262: gcc -shared  -fPIC -DPIC conftest.o  -v -Wl,-soname -Wl,conftest -o conftest 2\>\&1 \| /bin/grep  -lc  \>/dev/null 2\>\&1
configure:10265: $? = 0
configure:10279: result: no
configure:10439: checking dynamic linker characteristics
configure:11020: gcc -o conftest -g -O2   -Wl,-rpath -Wl,/foo conftest.c  >&5
configure:11020: $? = 0
configure:11269: result: GNU/Linux ld.so
configure:11391: checking how to hardcode library paths into programs
configure:11416: result: immediate
configure:11964: checking whether stripping libraries is possible
configure:11969: result: yes
configure:12004: checking if libtool supports shared libraries
configure:12006: result: yes
configure:12009: checking whether to build shared libraries
configure:12034: result: yes
configure:12037: checking whether to build static libraries
configure:12041: result: yes
configure:12083: checking for ANSI C header files
configure:12187: result: yes
configure:12198: checking for stdlib.h
configure:12198: result: yes
configure:12198: checking for string.h
configure:12198: result: yes
configure:12198: checking limits.h usability
configure:12198: gcc -c -g -O2  conftest.c >&5
configure:12198: $? = 0
configure:12198: result: yes
configure:12198: checking limits.h presence
configure:12198: gcc -E  conftest.c
configure:12198: $? = 0
configure:12198: result: yes
configure:12198: checking for limits.h
configure:12198: result: yes
configure:12210: checking langinfo.h usability
configure:12210: gcc -c -g -O2  conftest.c >&5
configure:12210: $? = 0
configure:12210: result: yes
configure:12210: checking langinfo.h presence
configure:12210: gcc -E  conftest.c
configure:12210: $? = 0
configure:12210: result: yes
configure:12210: checking for langinfo.h
configure:12210: result: yes
configure:12222: checking for stdbool.h that conforms to C99
configure:12289: gcc -c -g -O2  conftest.c >&5
configure:12289: $? = 0
configure:12296: result: yes
configure:12298: checking for _Bool
configure:12298: gcc -c -g -O2  conftest.c >&5
configure:12298: $? = 0
configure:12298: gcc -c -g -O2  conftest.c >&5
conftest.c: In function 'main':
conftest.c:64:20: error: expected expression before ')' token
 if (sizeof ((_Bool)))
                    ^
configure:12298: $? = 1
configure: failed program was:
| /* confdefs.h */
| #define PACKAGE_NAME "libhangul"
| #define PACKAGE_TARNAME "libhangul"
| #define PACKAGE_VERSION "0.1.0"
| #define PACKAGE_STRING "libhangul 0.1.0"
| #define PACKAGE_BUGREPORT "http://kldp.net/projects/hangul/"
| #define PACKAGE_URL ""
| #define PACKAGE "libhangul"
| #define VERSION "0.1.0"
| #define STDC_HEADERS 1
| #define HAVE_SYS_TYPES_H 1
| #define HAVE_SYS_STAT_H 1
| #define HAVE_STDLIB_H 1
| #define HAVE_STRING_H 1
| #define HAVE_MEMORY_H 1
| #define HAVE_STRINGS_H 1
| #define HAVE_INTTYPES_H 1
| #define HAVE_STDINT_H 1
| #define HAVE_UNISTD_H 1
| #define HAVE_DLFCN_H 1
| #define LT_OBJDIR ".libs/"
| #define STDC_HEADERS 1
| #define HAVE_STDLIB_H 1
| #define HAVE_STRING_H 1
| #define HAVE_LIMITS_H 1
| #define HAVE_LANGINFO_H 1
| /* end confdefs.h.  */
| #include <stdio.h>
| #ifdef HAVE_SYS_TYPES_H
| # include <sys/types.h>
| #endif
| #ifdef HAVE_SYS_STAT_H
| # include <sys/stat.h>
| #endif
| #ifdef STDC_HEADERS
| # include <stdlib.h>
| # include <stddef.h>
| #else
| # ifdef HAVE_STDLIB_H
| #  include <stdlib.h>
| # endif
| #endif
| #ifdef HAVE_STRING_H
| # if !defined STDC_HEADERS && defined HAVE_MEMORY_H
| #  include <memory.h>
| # endif
| # include <string.h>
| #endif
| #ifdef HAVE_STRINGS_H
| # include <strings.h>
| #endif
| #ifdef HAVE_INTTYPES_H
| # include <inttypes.h>
| #endif
| #ifdef HAVE_STDINT_H
| # include <stdint.h>
| #endif
| #ifdef HAVE_UNISTD_H
| # include <unistd.h>
| #endif
| int
| main ()
| {
| if (sizeof ((_Bool)))
| 	    return 0;
|   ;
|   return 0;
| }
configure:12298: result: yes
configure:12315: checking whether byte ordering is bigendian
configure:12330: gcc -c -g -O2  conftest.c >&5
conftest.c:31:9: error: unknown type name 'not'
         not a universal capable compiler
         ^
conftest.c:31:15: error: expected '=', ',', ';', 'asm' or '__attribute__' before 'universal'
         not a universal capable compiler
               ^
conftest.c:31:15: error: unknown type name 'universal'
configure:12330: $? = 1
configure: failed program was:
| /* confdefs.h */
| #define PACKAGE_NAME "libhangul"
| #define PACKAGE_TARNAME "libhangul"
| #define PACKAGE_VERSION "0.1.0"
| #define PACKAGE_STRING "libhangul 0.1.0"
| #define PACKAGE_BUGREPORT "http://kldp.net/projects/hangul/"
| #define PACKAGE_URL ""
| #define PACKAGE "libhangul"
| #define VERSION "0.1.0"
| #define STDC_HEADERS 1
| #define HAVE_SYS_TYPES_H 1
| #define HAVE_SYS_STAT_H 1
| #define HAVE_STDLIB_H 1
| #define HAVE_STRING_H 1
| #define HAVE_MEMORY_H 1
| #define HAVE_STRINGS_H 1
| #define HAVE_INTTYPES_H 1
| #define HAVE_STDINT_H 1
| #define HAVE_UNISTD_H 1
| #define HAVE_DLFCN_H 1
| #define LT_OBJDIR ".libs/"
| #define STDC_HEADERS 1
| #define HAVE_STDLIB_H 1
| #define HAVE_STRING_H 1
| #define HAVE_LIMITS_H 1
| #define HAVE_LANGINFO_H 1
| #define HAVE__BOOL 1
| #define HAVE_STDBOOL_H 1
| /* end confdefs.h.  */
| #ifndef __APPLE_CC__
| 	       not a universal capable compiler
| 	     #endif
| 	     typedef int dummy;
| 
configure:12375: gcc -c -g -O2  conftest.c >&5
configure:12375: $? = 0
configure:12393: gcc -c -g -O2  conftest.c >&5
conftest.c: In function 'main':
conftest.c:37:4: error: unknown type name 'not'
    not big endian
    ^
conftest.c:37:12: error: expected '=', ',', ';', 'asm' or '__attribute__' before 'endian'
    not big endian
            ^
configure:12393: $? = 1
configure: failed program was:
| /* confdefs.h */
| #define PACKAGE_NAME "libhangul"
| #define PACKAGE_TARNAME "libhangul"
| #define PACKAGE_VERSION "0.1.0"
| #define PACKAGE_STRING "libhangul 0.1.0"
| #define PACKAGE_BUGREPORT "http://kldp.net/projects/hangul/"
| #define PACKAGE_URL ""
| #define PACKAGE "libhangul"
| #define VERSION "0.1.0"
| #define STDC_HEADERS 1
| #define HAVE_SYS_TYPES_H 1
| #define HAVE_SYS_STAT_H 1
| #define HAVE_STDLIB_H 1
| #define HAVE_STRING_H 1
| #define HAVE_MEMORY_H 1
| #define HAVE_STRINGS_H 1
| #define HAVE_INTTYPES_H 1
| #define HAVE_STDINT_H 1
| #define HAVE_UNISTD_H 1
| #define HAVE_DLFCN_H 1
| #define LT_OBJDIR ".libs/"
| #define STDC_HEADERS 1
| #define HAVE_STDLIB_H 1
| #define HAVE_STRING_H 1
| #define HAVE_LIMITS_H 1
| #define HAVE_LANGINFO_H 1
| #define HAVE__BOOL 1
| #define HAVE_STDBOOL_H 1
| /* end confdefs.h.  */
| #include <sys/types.h>
| 		#include <sys/param.h>
| 
| int
| main ()
| {
| #if BYTE_ORDER != BIG_ENDIAN
| 		 not big endian
| 		#endif
| 
|   ;
|   return 0;
| }
configure:12521: result: no
configure:12539: checking for an ANSI C-conforming const
configure:12605: gcc -c -g -O2  conftest.c >&5
configure:12605: $? = 0
configure:12612: result: yes
configure:12620: checking for inline
configure:12636: gcc -c -g -O2  conftest.c >&5
configure:12636: $? = 0
configure:12644: result: inline
configure:12665: checking for working memcmp
configure:12708: gcc -o conftest -g -O2   conftest.c  >&5
configure:12708: $? = 0
configure:12708: ./conftest
configure:12708: $? = 0
configure:12718: result: yes
configure:12733: checking for stdlib.h
configure:12733: result: yes
configure:12733: checking for unistd.h
configure:12733: result: yes
configure:12733: checking for sys/param.h
configure:12733: gcc -c -g -O2  conftest.c >&5
configure:12733: $? = 0
configure:12733: result: yes
configure:12753: checking for getpagesize
configure:12753: gcc -o conftest -g -O2   conftest.c  >&5
configure:12753: $? = 0
configure:12753: result: yes
configure:12762: checking for working mmap
configure:12909: gcc -o conftest -g -O2   conftest.c  >&5
configure:12909: $? = 0
configure:12909: ./conftest
configure:12909: $? = 0
configure:12919: result: yes
configure:12930: checking for stdlib.h
configure:12930: result: yes
configure:12940: checking for GNU libc compatible realloc
configure:12964: gcc -o conftest -g -O2   conftest.c  >&5
configure:12964: $? = 0
configure:12964: ./conftest
configure:12964: $? = 0
configure:12974: result: yes
configure:12997: checking for munmap
configure:12997: gcc -o conftest -g -O2   conftest.c  >&5
configure:12997: $? = 0
configure:12997: result: yes
configure:13008: checking for strcasecmp
configure:13008: gcc -o conftest -g -O2   conftest.c  >&5
conftest.c:61:6: warning: conflicting types for built-in function 'strcasecmp'
 char strcasecmp ();
      ^
configure:13008: $? = 0
configure:13008: result: yes
configure:13019: checking for nl_langinfo
configure:13019: gcc -o conftest -g -O2   conftest.c  >&5
configure:13019: $? = 0
configure:13019: result: yes
configure:13038: checking whether NLS is requested
configure:13047: result: yes
configure:13087: checking for msgfmt
configure: trying /usr/bin/msgfmt...
0 translated messages.
configure:13119: result: /usr/bin/msgfmt
configure:13128: checking for gmsgfmt
configure:13159: result: /usr/bin/msgfmt
configure:13209: checking for xgettext
configure: trying /usr/bin/xgettext...
/usr/bin/xgettext: warning: file '/dev/null' extension '' is unknown; will try C
configure:13241: result: /usr/bin/xgettext
configure:13286: checking for msgmerge
configure: trying /usr/bin/msgmerge...
configure:13317: result: /usr/bin/msgmerge
configure:13375: checking for ld used by gcc
configure:13442: result: /usr/bin/ld -m elf_x86_64
configure:13449: checking if the linker (/usr/bin/ld -m elf_x86_64) is GNU ld
configure:13464: result: yes
configure:13471: checking for shared library run path origin
configure:13484: result: done
configure:14056: checking for CFPreferencesCopyAppValue
configure:14074: gcc -o conftest -g -O2   conftest.c  -Wl,-framework -Wl,CoreFoundation >&5
conftest.c:41:42: fatal error: CoreFoundation/CFPreferences.h: No such file or directory
compilation terminated.
configure:14074: $? = 1
configure: failed program was:
| /* confdefs.h */
| #define PACKAGE_NAME "libhangul"
| #define PACKAGE_TARNAME "libhangul"
| #define PACKAGE_VERSION "0.1.0"
| #define PACKAGE_STRING "libhangul 0.1.0"
| #define PACKAGE_BUGREPORT "http://kldp.net/projects/hangul/"
| #define PACKAGE_URL ""
| #define PACKAGE "libhangul"
| #define VERSION "0.1.0"
| #define STDC_HEADERS 1
| #define HAVE_SYS_TYPES_H 1
| #define HAVE_SYS_STAT_H 1
| #define HAVE_STDLIB_H 1
| #define HAVE_STRING_H 1
| #define HAVE_MEMORY_H 1
| #define HAVE_STRINGS_H 1
| #define HAVE_INTTYPES_H 1
| #define HAVE_STDINT_H 1
| #define HAVE_UNISTD_H 1
| #define HAVE_DLFCN_H 1
| #define LT_OBJDIR ".libs/"
| #define STDC_HEADERS 1
| #define HAVE_STDLIB_H 1
| #define HAVE_STRING_H 1
| #define HAVE_LIMITS_H 1
| #define HAVE_LANGINFO_H 1
| #define HAVE__BOOL 1
| #define HAVE_STDBOOL_H 1
| #define HAVE_STDLIB_H 1
| #define HAVE_UNISTD_H 1
| #define HAVE_SYS_PARAM_H 1
| #define HAVE_GETPAGESIZE 1
| #define HAVE_MMAP 1
| #define HAVE_STDLIB_H 1
| #define HAVE_REALLOC 1
| #define HAVE_MUNMAP 1
| #define HAVE_STRCASECMP 1
| #define HAVE_NL_LANGINFO 1
| #define GETTEXT_PACKAGE "libhangul"
| /* end confdefs.h.  */
| #include <CoreFoundation/CFPreferences.h>
| int
| main ()
| {
| CFPreferencesCopyAppValue(NULL, NULL)
|   ;
|   return 0;
| }
configure:14083: result: no
configure:14090: checking for CFLocaleCopyCurrent
configure:14108: gcc -o conftest -g -O2   conftest.c  -Wl,-framework -Wl,CoreFoundation >&5
conftest.c:41:37: fatal error: CoreFoundation/CFLocale.h: No such file or directory
compilation terminated.
configure:14108: $? = 1
configure: failed program was:
| /* confdefs.h */
| #define PACKAGE_NAME "libhangul"
| #define PACKAGE_TARNAME "libhangul"
| #define PACKAGE_VERSION "0.1.0"
| #define PACKAGE_STRING "libhangul 0.1.0"
| #define PACKAGE_BUGREPORT "http://kldp.net/projects/hangul/"
| #define PACKAGE_URL ""
| #define PACKAGE "libhangul"
| #define VERSION "0.1.0"
| #define STDC_HEADERS 1
| #define HAVE_SYS_TYPES_H 1
| #define HAVE_SYS_STAT_H 1
| #define HAVE_STDLIB_H 1
| #define HAVE_STRING_H 1
| #define HAVE_MEMORY_H 1
| #define HAVE_STRINGS_H 1
| #define HAVE_INTTYPES_H 1
| #define HAVE_STDINT_H 1
| #define HAVE_UNISTD_H 1
| #define HAVE_DLFCN_H 1
| #define LT_OBJDIR ".libs/"
| #define STDC_HEADERS 1
| #define HAVE_STDLIB_H 1
| #define HAVE_STRING_H 1
| #define HAVE_LIMITS_H 1
| #define HAVE_LANGINFO_H 1
| #define HAVE__BOOL 1
| #define HAVE_STDBOOL_H 1
| #define HAVE_STDLIB_H 1
| #define HAVE_UNISTD_H 1
| #define HAVE_SYS_PARAM_H 1
| #define HAVE_GETPAGESIZE 1
| #define HAVE_MMAP 1
| #define HAVE_STDLIB_H 1
| #define HAVE_REALLOC 1
| #define HAVE_MUNMAP 1
| #define HAVE_STRCASECMP 1
| #define HAVE_NL_LANGINFO 1
| #define GETTEXT_PACKAGE "libhangul"
| /* end confdefs.h.  */
| #include <CoreFoundation/CFLocale.h>
| int
| main ()
| {
| CFLocaleCopyCurrent();
|   ;
|   return 0;
| }
configure:14117: result: no
configure:14166: checking for GNU gettext in libc
configure:14190: gcc -o conftest -g -O2   conftest.c  >&5
configure:14190: $? = 0
configure:14199: result: yes
configure:15036: checking whether to use NLS
configure:15038: result: yes
configure:15041: checking where the gettext function comes from
configure:15052: result: libc
configure:15140: checking for iconv
configure:15164: gcc -o conftest -g -O2   conftest.c  >&5
configure:15164: $? = 0
configure:15198: result: yes
configure:15201: checking for working iconv
configure:15330: gcc -o conftest -g -O2   conftest.c  >&5
configure:15330: $? = 0
configure:15330: ./conftest
configure:15330: $? = 0
configure:15342: result: yes
configure:15370: checking for iconv declaration
configure:15399: gcc -c -g -O2  conftest.c >&5
configure:15399: $? = 0
configure:15410: result:
         extern size_t iconv (iconv_t cd, char * *inbuf, size_t *inbytesleft, char * *outbuf, size_t *outbytesleft);
configure:15477: checking for pkg-config
configure:15495: found /usr/bin/pkg-config
configure:15507: result: /usr/bin/pkg-config
configure:15532: checking pkg-config is at least version 0.9.0
configure:15535: result: yes
configure:15545: $PKG_CONFIG --exists --print-errors "check"
Package check was not found in the pkg-config search path.
Perhaps you should add the directory containing `check.pc'
to the PKG_CONFIG_PATH environment variable
No package 'check' found
configure:15548: $? = 1
configure:15756: checking that generated files are newer than configure
configure:15762: result: done
configure:15786: creating ./config.status

## ---------------------- ##
## Running config.status. ##
## ---------------------- ##

This file was extended by libhangul config.status 0.1.0, which was
generated by GNU Autoconf 2.69.  Invocation command line was

  CONFIG_FILES    = 
  CONFIG_HEADERS  = 
  CONFIG_LINKS    = 
  CONFIG_COMMANDS = 
  $ ./config.status 

on maanu-System

config.status:1149: creating Makefile
config.status:1149: creating data/Makefile
config.status:1149: creating data/hanja/Makefile
config.status:1149: creating doc/Doxyfile
config.status:1149: creating hangul/Makefile
config.status:1149: creating libhangul.pc
config.status:1149: creating po/Makefile.in
config.status:1149: creating test/Makefile
config.status:1149: creating tools/Makefile
config.status:1149: creating config.h
config.status:1378: executing depfiles commands
config.status:1378: executing libtool commands
config.status:1378: executing po-directories commands

## ---------------- ##
## Cache variables. ##
## ---------------- ##

ac_cv_build=x86_64-pc-linux-gnu
ac_cv_c_bigendian=no
ac_cv_c_compiler_gnu=yes
ac_cv_c_const=yes
ac_cv_c_inline=inline
ac_cv_env_CC_set=
ac_cv_env_CC_value=
ac_cv_env_CFLAGS_set=
ac_cv_env_CFLAGS_value=
ac_cv_env_CHECK_CFLAGS_set=
ac_cv_env_CHECK_CFLAGS_value=
ac_cv_env_CHECK_LIBS_set=
ac_cv_env_CHECK_LIBS_value=
ac_cv_env_CPPFLAGS_set=
ac_cv_env_CPPFLAGS_value=
ac_cv_env_CPP_set=
ac_cv_env_CPP_value=
ac_cv_env_LDFLAGS_set=
ac_cv_env_LDFLAGS_value=
ac_cv_env_LIBS_set=
ac_cv_env_LIBS_value=
ac_cv_env_LT_SYS_LIBRARY_PATH_set=
ac_cv_env_LT_SYS_LIBRARY_PATH_value=
ac_cv_env_PKG_CONFIG_LIBDIR_set=
ac_cv_env_PKG_CONFIG_LIBDIR_value=
ac_cv_env_PKG_CONFIG_PATH_set=
ac_cv_env_PKG_CONFIG_PATH_value=
ac_cv_env_PKG_CONFIG_set=
ac_cv_env_PKG_CONFIG_value=
ac_cv_env_build_alias_set=
ac_cv_env_build_alias_value=
ac_cv_env_host_alias_set=
ac_cv_env_host_alias_value=
ac_cv_env_target_alias_set=
ac_cv_env_target_alias_value=
ac_cv_func_getpagesize=yes
ac_cv_func_memcmp_working=yes
ac_cv_func_mmap_fixed_mapped=yes
ac_cv_func_munmap=yes
ac_cv_func_nl_langinfo=yes
ac_cv_func_realloc_0_nonnull=yes
ac_cv_func_strcasecmp=yes
ac_cv_header_dlfcn_h=yes
ac_cv_header_inttypes_h=yes
ac_cv_header_langinfo_h=yes
ac_cv_header_limits_h=yes
ac_cv_header_memory_h=yes
ac_cv_header_stdbool_h=yes
ac_cv_header_stdc=yes
ac_cv_header_stdint_h=yes
ac_cv_header_stdlib_h=yes
ac_cv_header_string_h=yes
ac_cv_header_strings_h=yes
ac_cv_header_sys_param_h=yes
ac_cv_header_sys_stat_h=yes
ac_cv_header_sys_types_h=yes
ac_cv_header_unistd_h=yes
ac_cv_host=x86_64-pc-linux-gnu
ac_cv_objext=o
ac_cv_path_EGREP='/bin/grep -E'
ac_cv_path_FGREP='/bin/grep -F'
ac_cv_path_GMSGFMT=/usr/bin/msgfmt
ac_cv_path_GREP=/bin/grep
ac_cv_path_MSGFMT=/usr/bin/msgfmt
ac_cv_path_MSGMERGE=/usr/bin/msgmerge
ac_cv_path_SED=/bin/sed
ac_cv_path_XGETTEXT=/usr/bin/xgettext
ac_cv_path_ac_pt_PKG_CONFIG=/usr/bin/pkg-config
ac_cv_path_install='/usr/bin/install -c'
ac_cv_path_lt_DD=/bin/dd
ac_cv_path_mkdir=/bin/mkdir
ac_cv_prog_AWK=gawk
ac_cv_prog_CPP='gcc -E'
ac_cv_prog_ac_ct_AR=ar
ac_cv_prog_ac_ct_CC=gcc
ac_cv_prog_ac_ct_MANIFEST_TOOL=mt
ac_cv_prog_ac_ct_OBJDUMP=objdump
ac_cv_prog_ac_ct_RANLIB=ranlib
ac_cv_prog_ac_ct_STRIP=strip
ac_cv_prog_cc_c89=
ac_cv_prog_cc_g=yes
ac_cv_prog_make_make_set=yes
ac_cv_type__Bool=yes
acl_cv_hardcode_direct=no
acl_cv_hardcode_libdir_flag_spec='${wl}-rpath ${wl}$libdir'
acl_cv_hardcode_libdir_separator=
acl_cv_hardcode_minus_L=no
acl_cv_libext=a
acl_cv_libname_spec='lib$name'
acl_cv_library_names_spec='$libname$shrext'
acl_cv_path_LD='/usr/bin/ld -m elf_x86_64'
acl_cv_prog_gnu_ld=yes
acl_cv_rpath=done
acl_cv_shlibext=so
acl_cv_wl=-Wl,
am_cv_CC_dependencies_compiler_type=gcc3
am_cv_func_iconv=yes
am_cv_func_iconv_works=yes
am_cv_lib_iconv=no
am_cv_make_support_nested_variables=yes
am_cv_prog_cc_c_o=yes
am_cv_proto_iconv='extern size_t iconv (iconv_t cd, char * *inbuf, size_t *inbytesleft, char * *outbuf, size_t *outbytesleft);'
am_cv_proto_iconv_arg1=
gt_cv_func_CFLocaleCopyCurrent=no
gt_cv_func_CFPreferencesCopyAppValue=no
gt_cv_func_gnugettext1_libc=yes
lt_cv_ar_at_file=@
lt_cv_archive_cmds_need_lc=no
lt_cv_deplibs_check_method=pass_all
lt_cv_file_magic_cmd='$MAGIC_CMD'
lt_cv_file_magic_test_file=
lt_cv_ld_reload_flag=-r
lt_cv_nm_interface='BSD nm'
lt_cv_objdir=.libs
lt_cv_path_LD=/usr/bin/ld
lt_cv_path_NM='/usr/bin/nm -B'
lt_cv_path_mainfest_tool=no
lt_cv_prog_compiler_c_o=yes
lt_cv_prog_compiler_pic='-fPIC -DPIC'
lt_cv_prog_compiler_pic_works=yes
lt_cv_prog_compiler_rtti_exceptions=no
lt_cv_prog_compiler_static_works=yes
lt_cv_prog_gnu_ld=yes
lt_cv_sharedlib_from_linklib_cmd='printf %s\n'
lt_cv_shlibpath_overrides_runpath=no
lt_cv_sys_global_symbol_pipe='sed -n -e '\''s/^.*[	 ]\([ABCDGIRSTW][ABCDGIRSTW]*\)[	 ][	 ]*\([_A-Za-z][_A-Za-z0-9]*\)$/\1 \2 \2/p'\'' | sed '\''/ __gnu_lto/d'\'''
lt_cv_sys_global_symbol_to_c_name_address='sed -n -e '\''s/^: \(.*\) .*$/  {"\1", (void *) 0},/p'\'' -e '\''s/^[ABCDGIRSTW][ABCDGIRSTW]* .* \(.*\)$/  {"\1", (void *) \&\1},/p'\'''
lt_cv_sys_global_symbol_to_c_name_address_lib_prefix='sed -n -e '\''s/^: \(.*\) .*$/  {"\1", (void *) 0},/p'\'' -e '\''s/^[ABCDGIRSTW][ABCDGIRSTW]* .* \(lib.*\)$/  {"\1", (void *) \&\1},/p'\'' -e '\''s/^[ABCDGIRSTW][ABCDGIRSTW]* .* \(.*\)$/  {"lib\1", (void *) \&\1},/p'\'''
lt_cv_sys_global_symbol_to_cdecl='sed -n -e '\''s/^T .* \(.*\)$/extern int \1();/p'\'' -e '\''s/^[ABCDGIRSTW][ABCDGIRSTW]* .* \(.*\)$/extern char \1;/p'\'''
lt_cv_sys_global_symbol_to_import=
lt_cv_sys_max_cmd_len=1572864
lt_cv_to_host_file_cmd=func_convert_file_noop
lt_cv_to_tool_file_cmd=func_convert_file_noop
lt_cv_truncate_bin='/bin/dd bs=4096 count=1'

## ----------------- ##
## Output variables. ##
## ----------------- ##

ACLOCAL='${SHELL} /home/maanu/workspace/3-2018Na_Typing/libhangul/missing aclocal-1.15'
AMDEPBACKSLASH='\'
AMDEP_FALSE='#'
AMDEP_TRUE=''
AMTAR='$${TAR-tar}'
AM_BACKSLASH='\'
AM_DEFAULT_V='$(AM_DEFAULT_VERBOSITY)'
AM_DEFAULT_VERBOSITY='1'
AM_V='$(V)'
AR='ar'
AUTOCONF='${SHELL} /home/maanu/workspace/3-2018Na_Typing/libhangul/missing autoconf'
AUTOHEADER='${SHELL} /home/maanu/workspace/3-2018Na_Typing/libhangul/missing autoheader'
AUTOMAKE='${SHELL} /home/maanu/workspace/3-2018Na_Typing/libhangul/missing automake-1.15'
AWK='gawk'
CC='gcc'
CCDEPMODE='depmode=gcc3'
CFLAGS='-g -O2'
CHECK_CFLAGS=''
CHECK_LIBS=''
CPP='gcc -E'
CPPFLAGS=''
CYGPATH_W='echo'
DEFS='-DHAVE_CONFIG_H'
DEPDIR='.deps'
DLLTOOL='false'
DSYMUTIL=''
DUMPBIN=''
ECHO_C=''
ECHO_N='-n'
ECHO_T=''
EGREP='/bin/grep -E'
EXEEXT=''
FGREP='/bin/grep -F'
GETTEXT_MACRO_VERSION='0.19'
GETTEXT_PACKAGE='libhangul'
GMSGFMT='/usr/bin/msgfmt'
GMSGFMT_015='/usr/bin/msgfmt'
GREP='/bin/grep'
INSTALL_DATA='${INSTALL} -m 644'
INSTALL_PROGRAM='${INSTALL}'
INSTALL_SCRIPT='${INSTALL}'
INSTALL_STRIP_PROGRAM='$(install_sh) -c -s'
INTLLIBS=''
INTL_MACOSX_LIBS=''
LD='/usr/bin/ld -m elf_x86_64'
LDFLAGS=''
LIBHANGUL_AGE='0'
LIBHANGUL_CURRENT='1'
LIBHANGUL_REVISION='0'
LIBICONV=''
LIBINTL=''
LIBOBJS=''
LIBS=''
LIBTOOL='$(SHELL) $(top_builddir)/libtool'
LIPO=''
LN_S='ln -s'
LTLIBICONV=''
LTLIBINTL=''
LTLIBOBJS=''
LT_SYS_LIBRARY_PATH=''
MAKEINFO='${SHELL} /home/maanu/workspace/3-2018Na_Typing/libhangul/missing makeinfo'
MANIFEST_TOOL=':'
MKDIR_P='/bin/mkdir -p'
MSGFMT='/usr/bin/msgfmt'
MSGFMT_015='/usr/bin/msgfmt'
MSGMERGE='/usr/bin/msgmerge'
NM='/usr/bin/nm -B'
NMEDIT=''
OBJDUMP='objdump'
OBJEXT='o'
OTOOL64=''
OTOOL=''
PACKAGE='libhangul'
PACKAGE_BUGREPORT='http://kldp.net/projects/hangul/'
PACKAGE_NAME='libhangul'
PACKAGE_STRING='libhangul 0.1.0'
PACKAGE_TARNAME='libhangul'
PACKAGE_URL=''
PACKAGE_VERSION='0.1.0'
PATH_SEPARATOR=':'
PKG_CONFIG='/usr/bin/pkg-config'
PKG_CONFIG_LIBDIR=''
PKG_CONFIG_PATH=''
POSUB='po'
RANLIB='ranlib'
SED='/bin/sed'
SET_MAKE=''
SHELL='/bin/bash'
STRIP='strip'
USE_NLS='yes'
VERSION='0.1.0'
XGETTEXT='/usr/bin/xgettext'
XGETTEXT_015='/usr/bin/xgettext'
XGETTEXT_EXTRA_OPTIONS=''
ac_ct_AR='ar'
ac_ct_CC='gcc'
ac_ct_DUMPBIN=''
am__EXEEXT_FALSE=''
am__EXEEXT_TRUE='#'
am__fastdepCC_FALSE='#'
am__fastdepCC_TRUE=''
am__include='include'
am__isrc=''
am__leading_dot='.'
am__nodep='_no'
am__quote=''
am__tar='$${TAR-tar} chof - "$$tardir"'
am__untar='$${TAR-tar} xf -'
bindir='${exec_prefix}/bin'
build='x86_64-pc-linux-gnu'
build_alias=''
build_cpu='x86_64'
build_os='linux-gnu'
build_vendor='pc'
datadir='${datarootdir}'
datarootdir='${prefix}/share'
docdir='${datarootdir}/doc/${PACKAGE_TARNAME}'
dvidir='${docdir}'
exec_prefix='${prefix}'
host='x86_64-pc-linux-gnu'
host_alias=''
host_cpu='x86_64'
host_os='linux-gnu'
host_vendor='pc'
htmldir='${docdir}'
includedir='${prefix}/include'
infodir='${datarootdir}/info'
install_sh='${SHELL} /home/maanu/workspace/3-2018Na_Typing/libhangul/install-sh'
libdir='${exec_prefix}/lib'
libexecdir='${exec_prefix}/libexec'
localedir='${datarootdir}/locale'
localstatedir='${prefix}/var'
mandir='${datarootdir}/man'
mkdir_p='$(MKDIR_P)'
oldincludedir='/usr/include'
pdfdir='${docdir}'
prefix='/usr/local'
program_transform_name='s,x,x,'
psdir='${docdir}'
runstatedir='${localstatedir}/run'
sbindir='${exec_prefix}/sbin'
sharedstatedir='${prefix}/com'
sysconfdir='${prefix}/etc'
target_alias=''

## ----------- ##
## confdefs.h. ##
## ----------- ##

/* confdefs.h */
#define PACKAGE_NAME "libhangul"
#define PACKAGE_TARNAME "libhangul"
#define PACKAGE_VERSION "0.1.0"
#define PACKAGE_STRING "libhangul 0.1.0"
#define PACKAGE_BUGREPORT "http://kldp.net/projects/hangul/"
#define PACKAGE_URL ""
#define PACKAGE "libhangul"
#define VERSION "0.1.0"
#define STDC_HEADERS 1
#define HAVE_SYS_TYPES_H 1
#define HAVE_SYS_STAT_H 1
#define HAVE_STDLIB_H 1
#define HAVE_STRING_H 1
#define HAVE_MEMORY_H 1
#define HAVE_STRINGS_H 1
#define HAVE_INTTYPES_H 1
#define HAVE_STDINT_H 1
#define HAVE_UNISTD_H 1
#define HAVE_DLFCN_H 1
#define LT_OBJDIR ".libs/"
#define STDC_HEADERS 1
#define HAVE_STDLIB_H 1
#define HAVE_STRING_H 1
#define HAVE_LIMITS_H 1
#define HAVE_LANGINFO_H 1
#define HAVE__BOOL 1
#define HAVE_STDBOOL_H 1
#define HAVE_STDLIB_H 1
#define HAVE_UNISTD_H 1
#define HAVE_SYS_PARAM_H 1
#define HAVE_GETPAGESIZE 1
#define HAVE_MMAP 1
#define HAVE_STDLIB_H 1
#define HAVE_REALLOC 1
#define HAVE_MUNMAP 1
#define HAVE_STRCASECMP 1
#define HAVE_NL_LANGINFO 1
#define GETTEXT_PACKAGE "libhangul"
#define ENABLE_NLS 1
#define HAVE_GETTEXT 1
#define HAVE_DCGETTEXT 1
#define HAVE_ICONV 1
#define ICONV_CONST 

configure: exit 0

## ---------------------- ##
## Running config.status. ##
## ---------------------- ##

This file was extended by libhangul config.status 0.1.0, which was
generated by GNU Autoconf 2.69.  Invocation command line was

  CONFIG_FILES    = 
  CONFIG_HEADERS  = 
  CONFIG_LINKS    = 
  CONFIG_COMMANDS = 
  $ ./config.status po/Makefile.in po-directories

on maanu-System

config.status:1149: creating po/Makefile.in
config.status:1378: executing po-directories commands
